\BOOKMARK [1][-]{section.1}{\376\377\000E\000i\000n\000f\000\374\000h\000r\000u\000n\000g}{}% 1
\BOOKMARK [1][-]{section.2}{\376\377\000T\000e\000c\000h\000n\000o\000l\000o\000g\000i\000e\000n}{}% 2
\BOOKMARK [2][-]{subsection.2.1}{\376\377\000F\000u\000l\000l\000-\000S\000t\000a\000c\000k\000\040\000F\000r\000a\000m\000e\000w\000o\000r\000k}{section.2}% 3
\BOOKMARK [3][-]{subsubsection.2.1.1}{\376\377\000F\000r\000o\000n\000t\000e\000n\000d}{subsection.2.1}% 4
\BOOKMARK [3][-]{subsubsection.2.1.2}{\376\377\000B\000a\000c\000k\000e\000n\000d}{subsection.2.1}% 5
\BOOKMARK [2][-]{subsection.2.2}{\376\377\000D\000a\000t\000e\000n\000b\000a\000n\000k}{section.2}% 6
\BOOKMARK [2][-]{subsection.2.3}{\376\377\000A\000u\000t\000h\000e\000n\000t\000i\000f\000i\000z\000i\000e\000r\000u\000n\000g}{section.2}% 7
\BOOKMARK [2][-]{subsection.2.4}{\376\377\000B\000e\000r\000e\000i\000t\000s\000t\000e\000l\000l\000u\000n\000g}{section.2}% 8
\BOOKMARK [1][-]{section.3}{\376\377\000A\000n\000f\000o\000r\000d\000e\000r\000u\000n\000g\000s\000s\000p\000e\000z\000i\000f\000i\000k\000a\000t\000i\000o\000n}{}% 9
\BOOKMARK [2][-]{subsection.3.1}{\376\377\000Z\000i\000e\000l\000g\000r\000u\000p\000p\000e}{section.3}% 10
\BOOKMARK [2][-]{subsection.3.2}{\376\377\000K\000u\000n\000d\000e\000n\000b\000e\000f\000r\000a\000g\000u\000n\000g}{section.3}% 11
\BOOKMARK [2][-]{subsection.3.3}{\376\377\000F\000e\000a\000t\000u\000r\000e\000-\000M\000a\000p}{section.3}% 12
\BOOKMARK [2][-]{subsection.3.4}{\376\377\000U\000s\000e\000r\000\040\000S\000t\000o\000r\000i\000e\000s}{section.3}% 13
\BOOKMARK [3][-]{subsubsection.3.4.1}{\376\377\000A\000n\000m\000e\000l\000d\000u\000n\000g}{subsection.3.4}% 14
\BOOKMARK [3][-]{subsubsection.3.4.2}{\376\377\000E\000v\000e\000n\000t\000s}{subsection.3.4}% 15
\BOOKMARK [3][-]{subsubsection.3.4.3}{\376\377\000W\000\374\000n\000s\000c\000h\000e}{subsection.3.4}% 16
\BOOKMARK [3][-]{subsubsection.3.4.4}{\376\377\000U\000m\000f\000r\000a\000g\000e\000n}{subsection.3.4}% 17
\BOOKMARK [1][-]{section.4}{\376\377\000F\000u\000n\000k\000t\000i\000o\000n\000s\000u\000m\000f\000a\000n\000g}{}% 18
\BOOKMARK [2][-]{subsection.4.1}{\376\377\000A\000n\000m\000e\000l\000d\000u\000n\000g\000\040\000u\000n\000d\000\040\000R\000e\000g\000i\000s\000t\000r\000i\000e\000r\000u\000n\000g}{section.4}% 19
\BOOKMARK [2][-]{subsection.4.2}{\376\377\000E\000v\000e\000n\000t\000s}{section.4}% 20
\BOOKMARK [2][-]{subsection.4.3}{\376\377\000W\000\374\000n\000s\000c\000h\000e}{section.4}% 21
\BOOKMARK [1][-]{section.5}{\376\377\000A\000u\000f\000w\000a\000n\000d\000s\000s\000c\000h\000\344\000t\000z\000u\000n\000g}{}% 22
\BOOKMARK [2][-]{subsection.5.1}{\376\377\000A\000n\000f\000o\000r\000d\000e\000r\000u\000n\000g\000s\000a\000n\000a\000l\000y\000s\000e}{section.5}% 23
\BOOKMARK [2][-]{subsection.5.2}{\376\377\000E\000n\000t\000w\000u\000r\000f\000s\000p\000h\000a\000s\000e}{section.5}% 24
\BOOKMARK [2][-]{subsection.5.3}{\376\377\000I\000m\000p\000l\000e\000m\000e\000n\000t\000i\000e\000r\000u\000n\000g\000\040\000\046\000\040\000T\000e\000s\000t\000i\000n\000g}{section.5}% 25
\BOOKMARK [2][-]{subsection.5.4}{\376\377\000B\000e\000r\000e\000i\000t\000s\000t\000e\000l\000l\000u\000n\000g\000\040\000u\000n\000d\000\040\000P\000r\000o\000j\000e\000k\000t\000a\000b\000s\000c\000h\000l\000u\000s\000s}{section.5}% 26
\BOOKMARK [1][-]{section.6}{\376\377\000P\000r\000o\000j\000e\000k\000t\000m\000a\000n\000a\000g\000e\000m\000e\000n\000t\000:\000\040\000"\000S\000c\000r\000u\000m\000\040\000a\000n\000g\000e\000l\000e\000h\000n\000t\000"}{}% 27
\BOOKMARK [1][-]{section.7}{\376\377\000S\000y\000s\000t\000e\000m\000a\000r\000c\000h\000i\000t\000e\000k\000t\000u\000r}{}% 28
\BOOKMARK [2][-]{subsection.7.1}{\376\377\000A\000l\000l\000g\000e\000m\000e\000i\000n}{section.7}% 29
\BOOKMARK [2][-]{subsection.7.2}{\376\377\000S\000t\000r\000u\000k\000t\000u\000r\000s\000i\000c\000h\000t}{section.7}% 30
\BOOKMARK [2][-]{subsection.7.3}{\376\377\000V\000e\000r\000h\000a\000l\000t\000e\000n\000s\000s\000i\000c\000h\000t}{section.7}% 31
\BOOKMARK [2][-]{subsection.7.4}{\376\377\000V\000e\000r\000t\000e\000i\000l\000u\000n\000g\000s\000s\000i\000c\000h\000t}{section.7}% 32
\BOOKMARK [1][-]{section.8}{\376\377\000S\000c\000h\000n\000i\000t\000t\000s\000t\000e\000l\000l\000e\000n\000t\000e\000c\000h\000n\000o\000l\000o\000g\000i\000e\000n}{}% 33
\BOOKMARK [2][-]{subsection.8.1}{\376\377\000T\000e\000c\000h\000n\000i\000s\000c\000h\000e\000\040\000U\000m\000s\000e\000t\000z\000u\000n\000g\000\040\000d\000e\000r\000\040\000S\000c\000h\000n\000i\000t\000t\000s\000t\000e\000l\000l\000e}{section.8}% 34
\BOOKMARK [1][-]{section.9}{\376\377\000D\000a\000t\000e\000n\000b\000a\000n\000k}{}% 35
\BOOKMARK [2][-]{subsection.9.1}{\376\377\000L\000o\000g\000i\000s\000c\000h\000e\000s\000\040\000D\000a\000t\000e\000n\000m\000o\000d\000e\000l\000l}{section.9}% 36
\BOOKMARK [3][-]{subsubsection.9.1.1}{\376\377\000E\000n\000t\000i\000t\000y\000\040\000R\000e\000l\000a\000t\000i\000o\000n\000s\000h\000i\000p\000\040\000M\000o\000d\000e\000l\000l}{subsection.9.1}% 37
\BOOKMARK [3][-]{subsubsection.9.1.2}{\376\377\000N\000u\000t\000z\000e\000r\000v\000e\000r\000w\000a\000l\000t\000u\000n\000g}{subsection.9.1}% 38
\BOOKMARK [3][-]{subsubsection.9.1.3}{\376\377\000H\000a\000u\000p\000t\000t\000a\000b\000e\000l\000l\000e\000n\000\040\000u\000n\000d\000\040\000i\000h\000r\000e\000\040\000A\000u\000f\000g\000a\000b\000e\000n\000b\000e\000r\000e\000i\000c\000h\000e}{subsection.9.1}% 39
\BOOKMARK [3][-]{subsubsection.9.1.4}{\376\377\000H\000i\000l\000f\000s\000t\000a\000b\000e\000l\000l\000e\000n\000\040\000f\000\374\000r\000\040\000k\000o\000m\000p\000l\000e\000x\000e\000\040\000B\000e\000z\000i\000e\000h\000u\000n\000g\000e\000n}{subsection.9.1}% 40
\BOOKMARK [2][-]{subsection.9.2}{\376\377\000P\000h\000y\000s\000i\000s\000c\000h\000e\000s\000\040\000D\000a\000t\000e\000n\000m\000o\000d\000e\000l\000l}{section.9}% 41
\BOOKMARK [1][-]{section.10}{\376\377\000I\000n\000s\000t\000a\000l\000l\000a\000t\000i\000o\000n\000s\000-\000\040\000\046\000\040\000A\000d\000m\000i\000n\000i\000s\000t\000r\000a\000t\000i\000o\000n\000s\000h\000a\000n\000d\000b\000u\000c\000h}{}% 42
\BOOKMARK [2][-]{subsection.10.1}{\376\377\000L\000o\000k\000a\000l\000e\000\040\000I\000n\000s\000t\000a\000l\000l\000a\000t\000i\000o\000n}{section.10}% 43
\BOOKMARK [2][-]{subsection.10.2}{\376\377\000C\000o\000n\000t\000a\000i\000n\000e\000r\000i\000s\000i\000e\000r\000t\000e\000\040\000A\000u\000s\000f\000\374\000h\000r\000u\000n\000g\000\040\000m\000i\000t\000\040\000D\000o\000c\000k\000e\000r}{section.10}% 44
\BOOKMARK [2][-]{subsection.10.3}{\376\377\000P\000r\000o\000j\000e\000k\000t\000s\000t\000r\000u\000k\000t\000u\000r}{section.10}% 45
\BOOKMARK [1][-]{section.11}{\376\377\000L\000i\000z\000e\000n\000z\000e\000n}{}% 46
\BOOKMARK [2][-]{subsection.11.1}{\376\377\000V\000e\000r\000w\000e\000n\000d\000e\000t\000e\000\040\000L\000i\000z\000e\000n\000z\000e\000n}{section.11}% 47
\BOOKMARK [2][-]{subsection.11.2}{\376\377\000L\000i\000z\000e\000n\000z\000\040\000d\000e\000s\000\040\000e\000i\000g\000e\000n\000e\000n\000\040\000Q\000u\000e\000l\000l\000c\000o\000d\000e\000s}{section.11}% 48
\BOOKMARK [1][-]{section.12}{\376\377\000A\000u\000s\000b\000l\000i\000c\000k}{}% 49
\BOOKMARK [2][-]{subsection.12.1}{\376\377\000K\000a\000l\000e\000n\000d\000e\000r\000a\000n\000s\000i\000c\000h\000t\000\040\000/\000\040\000K\000a\000l\000e\000n\000d\000e\000r\000s\000y\000s\000t\000e\000m}{section.12}% 50
\BOOKMARK [2][-]{subsection.12.2}{\376\377\000Z\000e\000i\000t\000l\000i\000c\000h\000\040\000g\000r\000u\000p\000p\000i\000e\000r\000t\000e\000r\000\040\000E\000v\000e\000n\000t\000s\000e\000i\000t\000e}{section.12}% 51
\BOOKMARK [2][-]{subsection.12.3}{\376\377\000K\000o\000m\000m\000e\000n\000t\000a\000r\000s\000e\000k\000t\000i\000o\000n}{section.12}% 52
\BOOKMARK [2][-]{subsection.12.4}{\376\377\000P\000r\000o\000f\000i\000l\000s\000e\000i\000t\000e}{section.12}% 53
\BOOKMARK [2][-]{subsection.12.5}{\376\377\000W\000i\000e\000d\000e\000r\000k\000e\000h\000r\000e\000n\000d\000e\000\040\000E\000v\000e\000n\000t\000s}{section.12}% 54
\BOOKMARK [1][-]{section.13}{\376\377\000A\000u\000f\000g\000a\000b\000e\000n\000v\000e\000r\000t\000e\000i\000l\000u\000n\000g\000\040\000\046\000\040\000Z\000u\000s\000a\000m\000m\000e\000n\000a\000r\000b\000e\000i\000t\000\040\000i\000m\000\040\000P\000r\000o\000j\000e\000k\000t}{}% 55
\BOOKMARK [1][-]{section.14}{\376\377\000V\000e\000r\000g\000l\000e\000i\000c\000h\000\040\000v\000o\000n\000\040\000A\000u\000f\000w\000a\000n\000d\000s\000s\000c\000h\000\344\000t\000z\000u\000n\000g\000\040\000\046\000\040\000R\000e\000a\000l\000a\000u\000f\000w\000a\000n\000d}{}% 56
\BOOKMARK [1][-]{section.15}{\376\377\000R\000e\000f\000l\000e\000x\000i\000o\000n\000\040\000\046\000\040\000L\000e\000r\000n\000f\000o\000r\000t\000s\000c\000h\000r\000i\000t\000t}{}% 57
\BOOKMARK [2][-]{subsection.15.1}{\376\377\000T\000e\000c\000h\000n\000i\000s\000c\000h\000e\000\040\000F\000\344\000h\000i\000g\000k\000e\000i\000t\000e\000n}{section.15}% 58
\BOOKMARK [2][-]{subsection.15.2}{\376\377\000M\000e\000t\000h\000o\000d\000i\000s\000c\000h\000e\000\040\000K\000o\000m\000p\000e\000t\000e\000n\000z\000e\000n}{section.15}% 59
\BOOKMARK [2][-]{subsection.15.3}{\376\377\000T\000e\000a\000m\000a\000r\000b\000e\000i\000t\000\040\000u\000n\000d\000\040\000K\000o\000m\000m\000u\000n\000i\000k\000a\000t\000i\000o\000n}{section.15}% 60
\BOOKMARK [2][-]{subsection.15.4}{\376\377\000S\000o\000f\000t\000\040\000S\000k\000i\000l\000l\000s}{section.15}% 61
\BOOKMARK [2][-]{subsection.15.5}{\376\377\000L\000e\000s\000s\000o\000n\000s\000\040\000L\000e\000a\000r\000n\000e\000d}{section.15}% 62
\BOOKMARK [2][-]{subsection.15.6}{\376\377\000F\000a\000z\000i\000t}{section.15}% 63
\BOOKMARK [1][-]{appendix.A}{\376\377\000U\000I\000\040\000E\000n\000t\000w\000\374\000r\000f\000e}{}% 64
\BOOKMARK [2][-]{subsection.A.1}{\376\377\000L\000o\000g\000i\000n}{appendix.A}% 65
\BOOKMARK [2][-]{subsection.A.2}{\376\377\000E\000v\000e\000n\000t\000s}{appendix.A}% 66
\BOOKMARK [3][-]{subsubsection.A.2.1}{\376\377\000E\000v\000e\000n\000t\000-\000F\000e\000e\000d}{subsection.A.2}% 67
\BOOKMARK [3][-]{subsubsection.A.2.2}{\376\377\000M\000e\000i\000n\000e\000\040\000E\000v\000e\000n\000t\000s}{subsection.A.2}% 68
\BOOKMARK [3][-]{subsubsection.A.2.3}{\376\377\000E\000v\000e\000n\000t\000\040\000e\000r\000s\000t\000e\000l\000l\000e\000n}{subsection.A.2}% 69
\BOOKMARK [3][-]{subsubsection.A.2.4}{\376\377\000U\000m\000f\000r\000a\000g\000e\000\040\000e\000r\000s\000t\000e\000l\000l\000e\000n}{subsection.A.2}% 70
\BOOKMARK [3][-]{subsubsection.A.2.5}{\376\377\000U\000m\000f\000r\000a\000g\000e\000\040\000b\000e\000a\000r\000b\000e\000i\000t\000e\000n}{subsection.A.2}% 71
\BOOKMARK [3][-]{subsubsection.A.2.6}{\376\377\000M\000e\000i\000n\000e\000\040\000U\000m\000f\000r\000a\000g\000e\000n}{subsection.A.2}% 72
\BOOKMARK [3][-]{subsubsection.A.2.7}{\376\377\000E\000v\000e\000n\000t\000\040\000b\000e\000a\000r\000b\000e\000i\000t\000e\000n}{subsection.A.2}% 73
\BOOKMARK [3][-]{subsubsection.A.2.8}{\376\377\000E\000v\000e\000n\000t\000\040\000l\000\366\000s\000c\000h\000e\000n}{subsection.A.2}% 74
\BOOKMARK [2][-]{subsection.A.3}{\376\377\000W\000\374\000n\000s\000c\000h\000e}{appendix.A}% 75
\BOOKMARK [3][-]{subsubsection.A.3.1}{\376\377\000W\000\374\000n\000s\000c\000h\000e\000-\000F\000e\000e\000d}{subsection.A.3}% 76
\BOOKMARK [3][-]{subsubsection.A.3.2}{\376\377\000M\000e\000i\000n\000e\000\040\000W\000\374\000n\000s\000c\000h\000e}{subsection.A.3}% 77
\BOOKMARK [3][-]{subsubsection.A.3.3}{\376\377\000W\000u\000n\000s\000c\000h\000\040\000e\000r\000s\000t\000e\000l\000l\000e\000n}{subsection.A.3}% 78
\BOOKMARK [1][-]{appendix.B}{\376\377\000L\000i\000t\000e\000r\000a\000t\000u\000r\000v\000e\000r\000z\000e\000i\000c\000h\000n\000i\000s}{}% 79
