This is pdfTeX, Version 3.141592653-2.6-1.40.27 (TeX Live 2025) (preloaded format=pdflatex 2025.5.20)  20 MAY 2025 21:58
entering extended mode
 restricted \write18 enabled.
 file:line:error style messages enabled.
 %&-line parsing enabled.
**/Users/pandora/Documents/uni/4_Semester/swtProjekt/event-planer-dokumentation/dokument
(/Users/pandora/Documents/uni/4_Semester/swtProjekt/event-planer-dokumentation/dokument.tex
LaTeX2e <2024-11-01> patch level 2
L3 programming layer <2025-01-18>
(/usr/local/texlive/2025/texmf-dist/tex/latex/base/article.cls
Document Class: article 2024/06/29 v1.4n Standard LaTeX document class
(/usr/local/texlive/2025/texmf-dist/tex/latex/base/size12.clo
File: size12.clo 2024/06/29 v1.4n Standard LaTeX file (size option)
)
\c@part=\count196
\c@section=\count197
\c@subsection=\count198
\c@subsubsection=\count199
\c@paragraph=\count266
\c@subparagraph=\count267
\c@figure=\count268
\c@table=\count269
\abovecaptionskip=\skip49
\belowcaptionskip=\skip50
\bibindent=\dimen141
) (/usr/local/texlive/2025/texmf-dist/tex/latex/base/fontenc.sty
Package: fontenc 2021/04/29 v2.0v Standard LaTeX package
) (/usr/local/texlive/2025/texmf-dist/tex/latex/base/inputenc.sty
Package: inputenc 2024/02/08 v1.3d Input encoding file
\inpenc@prehook=\toks17
\inpenc@posthook=\toks18
) (/usr/local/texlive/2025/texmf-dist/tex/generic/babel/babel.sty
Package: babel 2025/02/14 v25.4 The multilingual framework for pdfLaTeX, LuaLaTeX and XeLaTeX
\babel@savecnt=\count270
\U@D=\dimen142
\l@unhyphenated=\language90
 (/usr/local/texlive/2025/texmf-dist/tex/generic/babel/txtbabel.def)
\bbl@readstream=\read2
\bbl@dirlevel=\count271
Package babel Info: Main language set with 'main='. Except if you have
(babel)             problems, prefer the default mechanism for setting
(babel)             the main language, i.e., as the last declared.
(babel)             Reported on input line 4095.
 (/usr/local/texlive/2025/texmf-dist/tex/generic/babel/locale/de/babel-german.tex)
Package babel Info: Importing data for german
(babel)             from babel-de.ini. Reported on input line 4167.
) (/usr/local/texlive/2025/texmf-dist/tex/latex/geometry/geometry.sty
Package: geometry 2020/01/02 v5.9 Page Geometry
 (/usr/local/texlive/2025/texmf-dist/tex/latex/graphics/keyval.sty
Package: keyval 2022/05/29 v1.15 key=value parser (DPC)
\KV@toks@=\toks19
) (/usr/local/texlive/2025/texmf-dist/tex/generic/iftex/ifvtex.sty
Package: ifvtex 2019/10/25 v1.7 ifvtex legacy package. Use iftex instead.
 (/usr/local/texlive/2025/texmf-dist/tex/generic/iftex/iftex.sty
Package: iftex 2024/12/12 v1.0g TeX engine tests
))
\Gm@cnth=\count272
\Gm@cntv=\count273
\c@Gm@tempcnt=\count274
\Gm@bindingoffset=\dimen143
\Gm@wd@mp=\dimen144
\Gm@odd@mp=\dimen145
\Gm@even@mp=\dimen146
\Gm@layoutwidth=\dimen147
\Gm@layoutheight=\dimen148
\Gm@layouthoffset=\dimen149
\Gm@layoutvoffset=\dimen150
\Gm@dimlist=\toks20
) (/usr/local/texlive/2025/texmf-dist/tex/latex/graphics/graphicx.sty
Package: graphicx 2021/09/16 v1.2d Enhanced LaTeX Graphics (DPC,SPQR)
 (/usr/local/texlive/2025/texmf-dist/tex/latex/graphics/graphics.sty
Package: graphics 2024/08/06 v1.4g Standard LaTeX Graphics (DPC,SPQR)
 (/usr/local/texlive/2025/texmf-dist/tex/latex/graphics/trig.sty
Package: trig 2023/12/02 v1.11 sin cos tan (DPC)
) (/usr/local/texlive/2025/texmf-dist/tex/latex/graphics-cfg/graphics.cfg
File: graphics.cfg 2016/06/04 v1.11 sample graphics configuration
)
Package graphics Info: Driver file: pdftex.def on input line 106.
 (/usr/local/texlive/2025/texmf-dist/tex/latex/graphics-def/pdftex.def
File: pdftex.def 2024/04/13 v1.2c Graphics/color driver for pdftex
))
\Gin@req@height=\dimen151
\Gin@req@width=\dimen152
) (/usr/local/texlive/2025/texmf-dist/tex/latex/float/float.sty
Package: float 2001/11/08 v1.3d Float enhancements (AL)
\c@float@type=\count275
\float@exts=\toks21
\float@box=\box52
\@float@everytoks=\toks22
\@floatcapt=\box53
) (/usr/local/texlive/2025/texmf-dist/tex/latex/glossaries/base/glossaries.sty
Package: glossaries 2025/03/03 v4.56 (NLCT)
 (/usr/local/texlive/2025/texmf-dist/tex/latex/base/ifthen.sty
Package: ifthen 2024/03/16 v1.1e Standard LaTeX ifthen package (DPC)
) (/usr/local/texlive/2025/texmf-dist/tex/latex/xkeyval/xkeyval.sty
Package: xkeyval 2022/06/16 v2.9 package option processing (HA)
 (/usr/local/texlive/2025/texmf-dist/tex/generic/xkeyval/xkeyval.tex (/usr/local/texlive/2025/texmf-dist/tex/generic/xkeyval/xkvutils.tex
\XKV@toks=\toks23
\XKV@tempa@toks=\toks24
)
\XKV@depth=\count276
File: xkeyval.tex 2014/12/03 v2.7a key=value parser (HA)
)) (/usr/local/texlive/2025/texmf-dist/tex/latex/mfirstuc/mfirstuc.sty
Package: mfirstuc 2022/10/14 v2.08 (NLCT)
 (/usr/local/texlive/2025/texmf-dist/tex/latex/etoolbox/etoolbox.sty
Package: etoolbox 2025/02/11 v2.5l e-TeX tools for LaTeX (JAW)
\etb@tempcnta=\count277
)
\@glsmfirst=\toks25
\@glsmrest=\toks26
) (/usr/local/texlive/2025/texmf-dist/tex/latex/xfor/xfor.sty
Package: xfor 2009/02/05 v1.05 (NLCT)
) (/usr/local/texlive/2025/texmf-dist/tex/latex/amsmath/amsgen.sty
File: amsgen.sty 1999/11/30 v2.0 generic functions
\@emptytoks=\toks27
\ex@=\dimen153
) (/usr/local/texlive/2025/texmf-dist/tex/latex/tracklang/tracklang.sty
Package: tracklang 2025/03/04 v1.6.5 (NLCT) Track Languages
 (/usr/local/texlive/2025/texmf-dist/tex/generic/tracklang/tracklang.tex)) (/usr/local/texlive/2025/texmf-dist/tex/latex/translator/translator.sty
Package: translator 2021-05-31 v1.12d Easy translation of strings in LaTeX
) (/usr/local/texlive/2025/texmf-dist/tex/latex/glossaries-german/glossaries-german.ldf
File: glossaries-german.ldf 2014/11/23 v1.0
) (/usr/local/texlive/2025/texmf-dist/tex/latex/datatool/datatool-base.sty
Package: datatool-base 2025/03/05 v3.0.1 (NLCT)
 (/usr/local/texlive/2025/texmf-dist/tex/latex/amsmath/amsmath.sty
Package: amsmath 2024/11/05 v2.17t AMS math features
\@mathmargin=\skip51

For additional information on amsmath, use the `?' option.
(/usr/local/texlive/2025/texmf-dist/tex/latex/amsmath/amstext.sty
Package: amstext 2021/08/26 v2.01 AMS text
) (/usr/local/texlive/2025/texmf-dist/tex/latex/amsmath/amsbsy.sty
Package: amsbsy 1999/11/29 v1.2d Bold Symbols
\pmbraise@=\dimen154
) (/usr/local/texlive/2025/texmf-dist/tex/latex/amsmath/amsopn.sty
Package: amsopn 2022/04/08 v2.04 operator names
)
\inf@bad=\count278
LaTeX Info: Redefining \frac on input line 233.
\uproot@=\count279
\leftroot@=\count280
LaTeX Info: Redefining \overline on input line 398.
LaTeX Info: Redefining \colon on input line 409.
\classnum@=\count281
\DOTSCASE@=\count282
LaTeX Info: Redefining \ldots on input line 495.
LaTeX Info: Redefining \dots on input line 498.
LaTeX Info: Redefining \cdots on input line 619.
\Mathstrutbox@=\box54
\strutbox@=\box55
LaTeX Info: Redefining \big on input line 721.
LaTeX Info: Redefining \Big on input line 722.
LaTeX Info: Redefining \bigg on input line 723.
LaTeX Info: Redefining \Bigg on input line 724.
\big@size=\dimen155
LaTeX Font Info:    Redeclaring font encoding OML on input line 742.
LaTeX Font Info:    Redeclaring font encoding OMS on input line 743.
\macc@depth=\count283
LaTeX Info: Redefining \bmod on input line 904.
LaTeX Info: Redefining \pmod on input line 909.
LaTeX Info: Redefining \smash on input line 939.
LaTeX Info: Redefining \relbar on input line 969.
LaTeX Info: Redefining \Relbar on input line 970.
\c@MaxMatrixCols=\count284
\dotsspace@=\muskip17
\c@parentequation=\count285
\dspbrk@lvl=\count286
\tag@help=\toks28
\row@=\count287
\column@=\count288
\maxfields@=\count289
\andhelp@=\toks29
\eqnshift@=\dimen156
\alignsep@=\dimen157
\tagshift@=\dimen158
\tagwidth@=\dimen159
\totwidth@=\dimen160
\lineht@=\dimen161
\@envbody=\toks30
\multlinegap=\skip52
\multlinetaggap=\skip53
\mathdisplay@stack=\toks31
LaTeX Info: Redefining \[ on input line 2953.
LaTeX Info: Redefining \] on input line 2954.
) (/usr/local/texlive/2025/texmf-dist/tex/latex/datatool/datatool-l3fp.def
File: datatool-l3fp.def 2025/03/05 v3.0.1 (NLCT)
)
\@dtl@toks=\toks32
\@dtl@tmpcount=\count290
\dtl@tmplength=\skip54
\l__datatool_measure_box=\box56
\dtl@sortresult=\count291
 (/usr/local/texlive/2025/texmf-dist/tex/latex/datatool/datatool-utf8.ldf
File: datatool-utf8.ldf 2025/03/05 v3.0.1 (NLCT)
)
\@dtl@datatype=\count292
\l__datatool_tmpa_int=\count293
\l__datatool_tmpb_int=\count294
\l__datatool_tmpc_int=\count295
\l__datatool_tmpd_int=\count296
\l__datatool_count_int=\count297
\l__datatool_tmp_datatype_int=\count298
\l__datatool_tmpa_dim=\dimen162
\l__datatool_tmpb_dim=\dimen163
\c_datatool_unknown_int=\count299
\l__datatool_year_int=\count300
\l__datatool_month_int=\count301
\l__datatool_day_int=\count302
\l__datatool_hour_int=\count303
\l__datatool_minute_int=\count304
\l__datatool_second_int=\count305
\l__datatool_tzhour_int=\count306
\l__datatool_tzminute_int=\count307
\l__datatool_julian_int=\count308
\l__datatool_local_julian_int=\count309
\l__datatool_prefix_int=\count310
\l__datatool_suffix_int=\count311
\@dtl@foreach@level=\count312


Package tracklang Warning: No `datatool' support for dialect `german'  on input line 9897.

\dtl@codeA=\count313
\dtl@codeB=\count314
)
\gls@level=\count315
\@gls@tmpb=\toks33
\gls@tmplen=\skip55
\glskeylisttok=\toks34
\glslabeltok=\toks35
\glsshorttok=\toks36
\glslongtok=\toks37
 (/usr/local/texlive/2025/texmf-dist/tex/latex/glossaries/styles/glossary-hypernav.sty
Package: glossary-hypernav 2025/03/03 v4.56 (NLCT)
) (/usr/local/texlive/2025/texmf-dist/tex/latex/glossaries/styles/glossary-list.sty
Package: glossary-list 2025/03/03 v4.56 (NLCT)
\glslistdottedwidth=\skip56
) (/usr/local/texlive/2025/texmf-dist/tex/latex/glossaries/styles/glossary-long.sty
Package: glossary-long 2025/03/03 v4.56 (NLCT)
 (/usr/local/texlive/2025/texmf-dist/tex/latex/tools/longtable.sty
Package: longtable 2024-10-27 v4.22 Multi-page Table package (DPC)
\LTleft=\skip57
\LTright=\skip58
\LTpre=\skip59
\LTpost=\skip60
\LTchunksize=\count316
\LTcapwidth=\dimen164
\LT@head=\box57
\LT@firsthead=\box58
\LT@foot=\box59
\LT@lastfoot=\box60
\LT@gbox=\box61
\LT@cols=\count317
\LT@rows=\count318
\c@LT@tables=\count319
\c@LT@chunks=\count320
\LT@p@ftn=\toks38
)
\glsdescwidth=\skip61
\glspagelistwidth=\skip62
) (/usr/local/texlive/2025/texmf-dist/tex/latex/glossaries/styles/glossary-super.sty
Package: glossary-super 2025/03/03 v4.56 (NLCT)
 (/usr/local/texlive/2025/texmf-dist/tex/latex/supertabular/supertabular.sty
Package: supertabular 2024/07/20 v4.2c the supertabular environment
\c@tracingst=\count321
\ST@wd=\dimen165
\ST@rightskip=\skip63
\ST@leftskip=\skip64
\ST@parfillskip=\skip65
\ST@pageleft=\dimen166
\ST@headht=\dimen167
\ST@tailht=\dimen168
\ST@pagesofar=\dimen169
\ST@pboxht=\dimen170
\ST@rowht=\dimen171
\ST@prevht=\dimen172
\ST@toadd=\dimen173
\ST@dimen=\dimen174
\ST@pbox=\box62
)) (/usr/local/texlive/2025/texmf-dist/tex/latex/glossaries/styles/glossary-tree.sty
Package: glossary-tree 2025/03/03 v4.56 (NLCT)
\glstreeindent=\skip66
))
\glswrite=\write3
\glo@main@file=\write4
\openout4 = `dokument.glo'.

Package glossaries Info: Writing glossary file dokument.glo on input line 11.
\glo@acronym@file=\write5
\openout5 = `dokument.acn'.

Package glossaries Info: Writing glossary file dokument.acn on input line 11.
 (/usr/local/texlive/2025/texmf-dist/tex/latex/l3backend/l3backend-pdftex.def
File: l3backend-pdftex.def 2024-05-08 L3 backend support: PDF output (pdfTeX)
\l__color_backend_stack_int=\count322
\l__pdf_internal_box=\box63
) (./dokument.aux)
\openout1 = `dokument.aux'.

LaTeX Font Info:    Checking defaults for OML/cmm/m/it on input line 13.
LaTeX Font Info:    ... okay on input line 13.
LaTeX Font Info:    Checking defaults for OMS/cmsy/m/n on input line 13.
LaTeX Font Info:    ... okay on input line 13.
LaTeX Font Info:    Checking defaults for OT1/cmr/m/n on input line 13.
LaTeX Font Info:    ... okay on input line 13.
LaTeX Font Info:    Checking defaults for T1/cmr/m/n on input line 13.
LaTeX Font Info:    ... okay on input line 13.
LaTeX Font Info:    Checking defaults for TS1/cmr/m/n on input line 13.
LaTeX Font Info:    ... okay on input line 13.
LaTeX Font Info:    Checking defaults for OMX/cmex/m/n on input line 13.
LaTeX Font Info:    ... okay on input line 13.
LaTeX Font Info:    Checking defaults for U/cmr/m/n on input line 13.
LaTeX Font Info:    ... okay on input line 13.

*geometry* driver: auto-detecting
*geometry* detected driver: pdftex
*geometry* verbose mode - [ preamble ] result:
* driver: pdftex
* paper: a4paper
* layout: <same size as paper>
* layoutoffset:(h,v)=(0.0pt,0.0pt)
* modes: 
* h-part:(L,W,R)=(71.13188pt, 455.24411pt, 71.13188pt)
* v-part:(T,H,B)=(71.13188pt, 702.78308pt, 71.13188pt)
* \paperwidth=597.50787pt
* \paperheight=845.04684pt
* \textwidth=455.24411pt
* \textheight=702.78308pt
* \oddsidemargin=-1.1381pt
* \evensidemargin=-1.1381pt
* \topmargin=-38.1381pt
* \headheight=12.0pt
* \headsep=25.0pt
* \topskip=12.0pt
* \footskip=30.0pt
* \marginparwidth=35.0pt
* \marginparsep=10.0pt
* \columnsep=10.0pt
* \skip\footins=10.8pt plus 4.0pt minus 2.0pt
* \hoffset=0.0pt
* \voffset=0.0pt
* \mag=1000
* \@twocolumnfalse
* \@twosidefalse
* \@mparswitchfalse
* \@reversemarginfalse
* (1in=72.27pt=25.4mm, 1cm=28.453pt)

(/usr/local/texlive/2025/texmf-dist/tex/context/base/mkii/supp-pdf.mkii
[Loading MPS to PDF converter (version 2006.09.02).]
\scratchcounter=\count323
\scratchdimen=\dimen175
\scratchbox=\box64
\nofMPsegments=\count324
\nofMParguments=\count325
\everyMPshowfont=\toks39
\MPscratchCnt=\count326
\MPscratchDim=\dimen176
\MPnumerator=\count327
\makeMPintoPDFobject=\count328
\everyMPtoPDFconversion=\toks40
) (/usr/local/texlive/2025/texmf-dist/tex/latex/epstopdf-pkg/epstopdf-base.sty
Package: epstopdf-base 2020-01-24 v2.11 Base part for package epstopdf
Package epstopdf-base Info: Redefining graphics rule for `.eps' on input line 485.
 (/usr/local/texlive/2025/texmf-dist/tex/latex/latexconfig/epstopdf-sys.cfg
File: epstopdf-sys.cfg 2010/07/13 v1.3 Configuration of (r)epstopdf for TeX Live
)) (./dokument.glsdefs)
\@gls@deffile=\write6
\openout6 = `dokument.glsdefs'.



[1

\openout3 = `dokument.ist'.

{/usr/local/texlive/2025/texmf-var/fonts/map/pdftex/updmap/pdftex.map}{/usr/local/texlive/2025/texmf-dist/fonts/enc/dvips/cm-super/cm-super-t1.enc}] (./dokument.toc

[2])
\tf@toc=\write7
\openout7 = `dokument.toc'.



[3] (./dokument.lof)
\tf@lof=\write8
\openout8 = `dokument.lof'.



[4] (./dokument.lot)
\tf@lot=\write9
\openout9 = `dokument.lot'.



[5]

[6]

[7]
<Abbildungen/feature_map.png, id=31, 3161.8125pt x 387.4475pt>
File: Abbildungen/feature_map.png Graphic file (type png)
<use Abbildungen/feature_map.png>
Package pdftex.def Info: Abbildungen/feature_map.png  used on input line 59.
(pdftex.def)             Requested size: 455.24411pt x 55.7853pt.


[8 <./Abbildungen/feature_map.png>]

[9{/usr/local/texlive/2025/texmf-dist/fonts/enc/dvips/cm-super/cm-super-ts1.enc}]

[10]
Underfull \hbox (badness 10000) in paragraph at lines 100--105

 []


Underfull \hbox (badness 10000) in paragraph at lines 100--105

 []


Underfull \hbox (badness 10000) in paragraph at lines 100--105

 []


Underfull \hbox (badness 10000) in paragraph at lines 100--105

 []



[11]
Underfull \hbox (badness 10000) in paragraph at lines 113--119

 []


Underfull \hbox (badness 10000) in paragraph at lines 113--119

 []


Underfull \hbox (badness 10000) in paragraph at lines 113--119

 []


Underfull \hbox (badness 10000) in paragraph at lines 113--119

 []


Underfull \hbox (badness 10000) in paragraph at lines 113--119

 []


Underfull \hbox (badness 10000) in paragraph at lines 113--119

 []


Underfull \hbox (badness 10000) in paragraph at lines 113--119

 []



[12]

[13]
Underfull \hbox (badness 1533) in paragraph at lines 147--157
\T1/cmr/m/n/12 die sich durch schritt-wei-se Ent-wick-lung und durch re-gel-mä-ÿi-ge Feed-back-schlei-fen
 []


Underfull \hbox (badness 10000) in paragraph at lines 147--157

 []


Underfull \hbox (badness 10000) in paragraph at lines 147--157

 []


Underfull \hbox (badness 1014) in paragraph at lines 147--157
\T1/cmr/m/n/12 Die Sprints be-gin-nen im-mer am Mon-tag nach-dem al-le An-for-de-run-gen und Feed-
 []


Underfull \hbox (badness 1168) in paragraph at lines 147--157
\T1/cmr/m/n/12 backs in dem Sprint-Review ein-ge-sam-melt wor-den sind. Des wei-te-ren wur-de der
 []


Underfull \hbox (badness 10000) in paragraph at lines 147--157

 []



[14]
<Abbildungen/Systemarchitektur.png, id=55, 499.8675pt x 703.62875pt>
File: Abbildungen/Systemarchitektur.png Graphic file (type png)
<use Abbildungen/Systemarchitektur.png>
Package pdftex.def Info: Abbildungen/Systemarchitektur.png  used on input line 163.
(pdftex.def)             Requested size: 364.19667pt x 512.6677pt.


[15 <./Abbildungen/Systemarchitektur.png>]
<Abbildungen/struktursicht.png, id=61, 753.81625pt x 292.09125pt>
File: Abbildungen/struktursicht.png Graphic file (type png)
<use Abbildungen/struktursicht.png>
Package pdftex.def Info: Abbildungen/struktursicht.png  used on input line 171.
(pdftex.def)             Requested size: 455.24411pt x 176.39706pt.
<Abbildungen/verhaltenssicht.png, id=62, 584.1825pt x 505.89pt>
File: Abbildungen/verhaltenssicht.png Graphic file (type png)
<use Abbildungen/verhaltenssicht.png>
Package pdftex.def Info: Abbildungen/verhaltenssicht.png  used on input line 179.
(pdftex.def)             Requested size: 409.71692pt x 354.8153pt.


[16 <./Abbildungen/struktursicht.png>]
<Abbildungen/verteilungssicht.png, id=67, 753.81625pt x 221.82875pt>
File: Abbildungen/verteilungssicht.png Graphic file (type png)
<use Abbildungen/verteilungssicht.png>
Package pdftex.def Info: Abbildungen/verteilungssicht.png  used on input line 187.
(pdftex.def)             Requested size: 455.24411pt x 133.96477pt.


[17 <./Abbildungen/verhaltenssicht.png>]

[18 <./Abbildungen/verteilungssicht.png>]
Underfull \hbox (badness 1454) in paragraph at lines 208--208
[]\T1/cmr/m/n/12 Aktualisiert ge-zielt Fel-der
 []


Underfull \hbox (badness 2035) in paragraph at lines 208--208
[]\T1/cmr/m/n/12 400 Bad Re-quest, 404
 []


Underfull \hbox (badness 10000) in paragraph at lines 195--213

 []


Underfull \hbox (badness 10000) in paragraph at lines 195--213

 []


Underfull \hbox (badness 1028) in paragraph at lines 195--213
\T1/cmr/m/n/12 ver-wen-de-ten HTTP-Methoden ent-spre-chen dem CRUD-Paradigma: Le-se-ope-ra-tio-nen
 []



[19]
<Abbildungen/erm.png, id=80, 3171.85pt x 1284.8pt>
File: Abbildungen/erm.png Graphic file (type png)
<use Abbildungen/erm.png>
Package pdftex.def Info: Abbildungen/erm.png  used on input line 218.
(pdftex.def)             Requested size: 455.24411pt x 184.3994pt.


[20 <./Abbildungen/erm.png>]

[21]
<Abbildungen/events/login.png, id=88, 869.2475pt x 430.60875pt>
File: Abbildungen/events/login.png Graphic file (type png)
<use Abbildungen/events/login.png>
Package pdftex.def Info: Abbildungen/events/login.png  used on input line 240.
(pdftex.def)             Requested size: 455.24411pt x 225.52104pt.
<Abbildungen/events/event_feed.png, id=89, 874.26625pt x 428.60126pt>
File: Abbildungen/events/event_feed.png Graphic file (type png)
<use Abbildungen/events/event_feed.png>
Package pdftex.def Info: Abbildungen/events/event_feed.png  used on input line 249.
(pdftex.def)             Requested size: 455.24411pt x 223.1813pt.
<Abbildungen/events/my_events.png, id=90, 873.2625pt x 428.60126pt>
File: Abbildungen/events/my_events.png Graphic file (type png)
<use Abbildungen/events/my_events.png>
Package pdftex.def Info: Abbildungen/events/my_events.png  used on input line 257.
(pdftex.def)             Requested size: 455.24411pt x 223.43636pt.


[22 <./Abbildungen/events/login.png> <./Abbildungen/events/event_feed.png>]
<Abbildungen/events/create_event.png, id=96, 872.25874pt x 428.60126pt>
File: Abbildungen/events/create_event.png Graphic file (type png)
<use Abbildungen/events/create_event.png>
Package pdftex.def Info: Abbildungen/events/create_event.png  used on input line 265.
(pdftex.def)             Requested size: 455.24411pt x 223.69142pt.
<Abbildungen/events/create_survey.png, id=97, 874.26625pt x 433.62pt>
File: Abbildungen/events/create_survey.png Graphic file (type png)
<use Abbildungen/events/create_survey.png>
Package pdftex.def Info: Abbildungen/events/create_survey.png  used on input line 273.
(pdftex.def)             Requested size: 455.24411pt x 225.79468pt.


[23 <./Abbildungen/events/my_events.png> <./Abbildungen/events/create_event.png>]
<Abbildungen/events/edit_survey.png, id=103, 870.25125pt x 420.57124pt>
File: Abbildungen/events/edit_survey.png Graphic file (type png)
<use Abbildungen/events/edit_survey.png>
Package pdftex.def Info: Abbildungen/events/edit_survey.png  used on input line 281.
(pdftex.def)             Requested size: 455.24411pt x 220.01387pt.
<Abbildungen/events/my_surveys.png, id=104, 874.26625pt x 433.62pt>
File: Abbildungen/events/my_surveys.png Graphic file (type png)
<use Abbildungen/events/my_surveys.png>
Package pdftex.def Info: Abbildungen/events/my_surveys.png  used on input line 289.
(pdftex.def)             Requested size: 455.24411pt x 225.79468pt.


[24 <./Abbildungen/events/create_survey.png> <./Abbildungen/events/edit_survey.png>]
<Abbildungen/events/edit_event.png, id=110, 874.26625pt x 429.605pt>
File: Abbildungen/events/edit_event.png Graphic file (type png)
<use Abbildungen/events/edit_event.png>
Package pdftex.def Info: Abbildungen/events/edit_event.png  used on input line 297.
(pdftex.def)             Requested size: 455.24411pt x 223.70398pt.
<Abbildungen/events/delete_event.png, id=111, 875.27pt x 431.6125pt>
File: Abbildungen/events/delete_event.png Graphic file (type png)
<use Abbildungen/events/delete_event.png>
Package pdftex.def Info: Abbildungen/events/delete_event.png  used on input line 305.
(pdftex.def)             Requested size: 455.24411pt x 224.49246pt.


[25 <./Abbildungen/events/my_surveys.png> <./Abbildungen/events/edit_event.png>]
<Abbildungen/wishes/wishes-feed.png, id=118, 874.26625pt x 497.86pt>
File: Abbildungen/wishes/wishes-feed.png Graphic file (type png)
<use Abbildungen/wishes/wishes-feed.png>
Package pdftex.def Info: Abbildungen/wishes/wishes-feed.png  used on input line 314.
(pdftex.def)             Requested size: 455.24411pt x 259.24573pt.
<Abbildungen/wishes/my-wishes.png, id=119, 872.25874pt x 432.61626pt>
File: Abbildungen/wishes/my-wishes.png Graphic file (type png)
<use Abbildungen/wishes/my-wishes.png>
Package pdftex.def Info: Abbildungen/wishes/my-wishes.png  used on input line 322.
(pdftex.def)             Requested size: 455.24411pt x 225.7869pt.


[26 <./Abbildungen/events/delete_event.png> <./Abbildungen/wishes/wishes-feed.png>]
<Abbildungen/wishes/create_wish.png, id=125, 873.2625pt x 432.61626pt>
File: Abbildungen/wishes/create_wish.png Graphic file (type png)
<use Abbildungen/wishes/create_wish.png>
Package pdftex.def Info: Abbildungen/wishes/create_wish.png  used on input line 330.
(pdftex.def)             Requested size: 455.24411pt x 225.52945pt.


[27 <./Abbildungen/wishes/my-wishes.png> <./Abbildungen/wishes/create_wish.png>]

Package glossaries Warning: No \printglossary or \printglossaries found. 
(Remove \makeglossaries if you don't want any glossaries.) 
This document will not have a glossary.



[28] (./dokument.aux)
 ***********
LaTeX2e <2024-11-01> patch level 2
L3 programming layer <2025-01-18>
 ***********
 ) 
Here is how much of TeX's memory you used:
 11186 strings out of 473190
 221012 string characters out of 5715800
 684686 words of memory out of 5000000
 34324 multiletter control sequences out of 15000+600000
 569348 words of font info for 61 fonts, out of 8000000 for 9000
 1141 hyphenation exceptions out of 8191
 78i,12n,79p,2443b,447s stack positions out of 10000i,1000n,20000p,200000b,200000s
</usr/local/texlive/2025/texmf-dist/fonts/type1/public/cm-super/sfbx1200.pfb></usr/local/texlive/2025/texmf-dist/fonts/type1/public/cm-super/sfbx1440.pfb></usr/local/texlive/2025/texmf-dist/fonts/type1/public/cm-super/sfbx1728.pfb></usr/local/texlive/2025/texmf-dist/fonts/type1/public/cm-super/sfrm1200.pfb></usr/local/texlive/2025/texmf-dist/fonts/type1/public/cm-super/sfrm1440.pfb></usr/local/texlive/2025/texmf-dist/fonts/type1/public/cm-super/sfrm2074.pfb>
Output written on dokument.pdf (28 pages, 2945370 bytes).
PDF statistics:
 165 PDF objects out of 1000 (max. 8388607)
 86 compressed objects within 1 object stream
 0 named destinations out of 1000 (max. 500000)
 91 words of extra memory for PDF output out of 10000 (max. 10000000)

